{
  "stats": {
    "suites": 1,
    "tests": 2,
    "passes": 2,
    "pending": 0,
    "failures": 0,
    "start": "2022-02-24T16:44:27.300Z",
    "end": "2022-02-24T16:44:43.241Z",
    "duration": 15941,
    "testsRegistered": 2,
    "passPercent": 100,
    "pendingPercent": 0,
    "other": 0,
    "hasOther": false,
    "skipped": 0,
    "hasSkipped": false
  },
  "results": [
    {
      "uuid": "408486da-63cb-4663-8802-d8a26f5ae8bb",
      "title": "",
      "fullFile": "",
      "file": "",
      "beforeHooks": [],
      "afterHooks": [],
      "tests": [],
      "suites": [
        {
          "uuid": "a4d8141d-712f-419c-b9d2-0e87d7c9cb45",
          "title": "Example Test Suite",
          "fullFile": "/Users/shah/Desktop/playwright_with_codeceptjs/example_test.js",
          "file": "/example_test.js",
          "beforeHooks": [
            {
              "title": "\"before all\" hook: codeceptjs.beforeSuite in \"Example Test Suite\"",
              "fullTitle": "Example Test Suite \"before all\" hook: codeceptjs.beforeSuite in \"Example Test Suite\"",
              "timedOut": false,
              "duration": 366,
              "state": null,
              "speed": null,
              "pass": false,
              "fail": false,
              "pending": false,
              "context": null,
              "code": "scenario.suiteSetup(suite)",
              "err": {},
              "uuid": "2d886fdf-2e2f-4e16-a1a2-1c64577f7328",
              "parentUUID": "a4d8141d-712f-419c-b9d2-0e87d7c9cb45",
              "isHook": true,
              "skipped": false
            },
            {
              "title": "\"before each\" hook: codeceptjs.before in \"Example Test Suite\"",
              "fullTitle": "Example Test Suite \"before each\" hook: codeceptjs.before in \"Example Test Suite\"",
              "timedOut": false,
              "duration": 249,
              "state": null,
              "speed": null,
              "pass": false,
              "fail": false,
              "pending": false,
              "context": null,
              "code": "scenario.setup(suite)",
              "err": {},
              "uuid": "74196e66-2f02-4d7b-a5c5-dcdf90d3f715",
              "parentUUID": "a4d8141d-712f-419c-b9d2-0e87d7c9cb45",
              "isHook": true,
              "skipped": false
            },
            {
              "title": "\"before each\" hook: Before in \"Example Test Suite\"",
              "fullTitle": "Example Test Suite \"before each\" hook: Before in \"Example Test Suite\"",
              "timedOut": false,
              "duration": 2311,
              "state": null,
              "speed": null,
              "pass": false,
              "fail": false,
              "pending": false,
              "context": null,
              "code": "I})=>{\n    console.log('Before hook')\n    I.amOnPage('https://github.com')",
              "err": {},
              "uuid": "808f87cf-913d-4544-85bc-c25ce9e81d8b",
              "parentUUID": "a4d8141d-712f-419c-b9d2-0e87d7c9cb45",
              "isHook": true,
              "skipped": false
            }
          ],
          "afterHooks": [
            {
              "title": "\"after all\" hook: codeceptjs.afterSuite in \"Example Test Suite\"",
              "fullTitle": "Example Test Suite \"after all\" hook: codeceptjs.afterSuite in \"Example Test Suite\"",
              "timedOut": false,
              "duration": 1,
              "state": null,
              "speed": null,
              "pass": false,
              "fail": false,
              "pending": false,
              "context": null,
              "code": "scenario.suiteTeardown(suite)",
              "err": {},
              "uuid": "78dc3c0d-00bc-4691-b2fe-d9f22dab618b",
              "parentUUID": "a4d8141d-712f-419c-b9d2-0e87d7c9cb45",
              "isHook": true,
              "skipped": false
            },
            {
              "title": "\"after each\" hook: After in \"Example Test Suite\"",
              "fullTitle": "Example Test Suite \"after each\" hook: After in \"Example Test Suite\"",
              "timedOut": false,
              "duration": 1,
              "state": null,
              "speed": null,
              "pass": false,
              "fail": false,
              "pending": false,
              "context": null,
              "code": "I})=>{\n    console.log('After hooks')",
              "err": {},
              "uuid": "7ae0c622-537c-4c60-92e8-84d5c65d76cb",
              "parentUUID": "a4d8141d-712f-419c-b9d2-0e87d7c9cb45",
              "isHook": true,
              "skipped": false
            },
            {
              "title": "\"after each\" hook: finalize codeceptjs in \"Example Test Suite\"",
              "fullTitle": "Example Test Suite \"after each\" hook: finalize codeceptjs in \"Example Test Suite\"",
              "timedOut": false,
              "duration": 13,
              "state": null,
              "speed": null,
              "pass": false,
              "fail": false,
              "pending": false,
              "context": null,
              "code": "scenario.teardown(suite)",
              "err": {},
              "uuid": "c1a40902-82b6-4b05-82ea-370f6bb9fe69",
              "parentUUID": "a4d8141d-712f-419c-b9d2-0e87d7c9cb45",
              "isHook": true,
              "skipped": false
            }
          ],
          "tests": [
            {
              "title": "First Test -visit Github",
              "fullTitle": "Example Test Suite: First Test -visit Github",
              "timedOut": false,
              "duration": 6101,
              "state": "passed",
              "speed": "slow",
              "pass": true,
              "fail": false,
              "pending": false,
              "context": null,
              "code": "I }) => {\n    I.see('GitHub')\n    I.seeElement('h1')",
              "err": {},
              "uuid": "0344bbfe-76ea-4e4c-b36c-f9e5e7f6c03f",
              "parentUUID": "a4d8141d-712f-419c-b9d2-0e87d7c9cb45",
              "isHook": false,
              "skipped": false
            },
            {
              "title": "Second Test -visit Github",
              "fullTitle": "Example Test Suite: Second Test -visit Github",
              "timedOut": false,
              "duration": 3965,
              "state": "passed",
              "speed": "slow",
              "pass": true,
              "fail": false,
              "pending": false,
              "context": null,
              "code": "I }) => {\n    I.see('GitHub')\n    I.seeElement('h1')",
              "err": {},
              "uuid": "a4ace867-dec5-4518-b898-bde0f8d802c0",
              "parentUUID": "a4d8141d-712f-419c-b9d2-0e87d7c9cb45",
              "isHook": false,
              "skipped": false
            }
          ],
          "suites": [],
          "passes": [
            "0344bbfe-76ea-4e4c-b36c-f9e5e7f6c03f",
            "a4ace867-dec5-4518-b898-bde0f8d802c0"
          ],
          "failures": [],
          "pending": [],
          "skipped": [],
          "duration": 10066,
          "root": false,
          "rootEmpty": false,
          "_timeout": 0
        }
      ],
      "passes": [],
      "failures": [],
      "pending": [],
      "skipped": [],
      "duration": 0,
      "root": true,
      "rootEmpty": true,
      "_timeout": 0
    }
  ],
  "meta": {
    "mocha": {
      "version": "8.1.3"
    },
    "mochawesome": {
      "options": {
        "quiet": false,
        "reportFilename": "mochawesome",
        "saveHtml": true,
        "saveJson": true,
        "consoleReporter": "spec",
        "useInlineDiffs": false,
        "code": true
      },
      "version": "7.0.1"
    },
    "marge": {
      "options": {
        "reportDir": "output"
      },
      "version": "6.1.0"
    }
  }
}